app/build/intermediates/manifest_merge_blame_file/debug/manifest-merger-blame-debug-report.txt
1<?xml version="1.0" encoding="utf-8"?>
2<manifest xmlns:android="http://schemas.android.com/apk/res/android"
3    package="com.ahfasxp.githubusers"
4    android:versionCode="1"
5    android:versionName="1.0" >
6
7    <uses-sdk
8        android:minSdkVersion="16"
8-->src\main\AndroidManifest.xml
9        android:targetSdkVersion="30" />
9-->src\main\AndroidManifest.xml
10
11    <uses-permission android:name="android.permission.INTERNET" />
11-->src\main\AndroidManifest.xml:4:5-67
11-->src\main\AndroidManifest.xml:4:22-64
12
13    <permission
13-->src\main\AndroidManifest.xml:6:5-105
14        android:name="com.ahfasxp.githubusers.READ_DATABASE"
14-->src\main\AndroidManifest.xml:6:17-69
15        android:protectionLevel="normal" />
15-->src\main\AndroidManifest.xml:6:70-102
16    <permission
16-->src\main\AndroidManifest.xml:7:5-106
17        android:name="com.ahfasxp.githubusers.WRITE_DATABASE"
17-->src\main\AndroidManifest.xml:7:17-70
18        android:protectionLevel="normal" />
18-->src\main\AndroidManifest.xml:7:71-103
19
20    <application
20-->src\main\AndroidManifest.xml:8:5-34:19
21        android:allowBackup="true"
21-->src\main\AndroidManifest.xml:9:9-35
22        android:appComponentFactory="androidx.core.app.CoreComponentFactory"
22-->[androidx.core:core:1.3.2] AndroidManifest.xml:24:18-86
23        android:debuggable="true"
24        android:icon="@mipmap/ic_launcher"
24-->src\main\AndroidManifest.xml:10:9-43
25        android:label="@string/app_name"
25-->src\main\AndroidManifest.xml:11:9-41
26        android:roundIcon="@mipmap/ic_launcher_round"
26-->src\main\AndroidManifest.xml:12:9-54
27        android:supportsRtl="true"
27-->src\main\AndroidManifest.xml:13:9-35
28        android:testOnly="true"
29        android:theme="@style/AppTheme"
29-->src\main\AndroidManifest.xml:15:9-40
30        android:usesCleartextTraffic="true" >
30-->src\main\AndroidManifest.xml:14:9-44
31        <activity android:name="com.ahfasxp.githubusers.SplashScreenActivity" >
31-->src\main\AndroidManifest.xml:16:9-22:20
31-->src\main\AndroidManifest.xml:16:19-55
32            <intent-filter>
32-->src\main\AndroidManifest.xml:17:13-21:29
33                <action android:name="android.intent.action.MAIN" />
33-->src\main\AndroidManifest.xml:18:17-69
33-->src\main\AndroidManifest.xml:18:25-66
34
35                <category android:name="android.intent.category.LAUNCHER" />
35-->src\main\AndroidManifest.xml:20:17-77
35-->src\main\AndroidManifest.xml:20:27-74
36            </intent-filter>
37        </activity>
38        <activity android:name="com.ahfasxp.githubusers.ui.detailUser.DetailUserActivity" />
38-->src\main\AndroidManifest.xml:23:9-70
38-->src\main\AndroidManifest.xml:23:19-67
39        <activity android:name="com.ahfasxp.githubusers.ui.main.MainActivity" />
39-->src\main\AndroidManifest.xml:24:9-58
39-->src\main\AndroidManifest.xml:24:19-55
40        <activity android:name="com.ahfasxp.githubusers.ui.favoriteUser.FavoriteActivity" />
40-->src\main\AndroidManifest.xml:25:9-70
40-->src\main\AndroidManifest.xml:25:19-67
41        <activity android:name="com.ahfasxp.githubusers.SettingsActivity" />
41-->src\main\AndroidManifest.xml:26:9-54
41-->src\main\AndroidManifest.xml:26:19-51
42
43        <provider
43-->src\main\AndroidManifest.xml:28:9-33:80
44            android:name="com.ahfasxp.githubusers.provider.MyContentProvider"
44-->src\main\AndroidManifest.xml:30:13-55
45            android:authorities="com.ahfasxp.githubusers"
45-->src\main\AndroidManifest.xml:29:13-58
46            android:exported="true"
46-->src\main\AndroidManifest.xml:31:13-36
47            android:readPermission="com.ahfasxp.githubusers.READ_DATABASE"
47-->src\main\AndroidManifest.xml:32:13-75
48            android:writePermission="com.ahfasxp.githubusers.WRITE_DATABASE" />
48-->src\main\AndroidManifest.xml:33:13-77
49        <provider
49-->[androidx.lifecycle:lifecycle-process:2.2.0] AndroidManifest.xml:25:9-29:43
50            android:name="androidx.lifecycle.ProcessLifecycleOwnerInitializer"
50-->[androidx.lifecycle:lifecycle-process:2.2.0] AndroidManifest.xml:26:13-79
51            android:authorities="com.ahfasxp.githubusers.lifecycle-process"
51-->[androidx.lifecycle:lifecycle-process:2.2.0] AndroidManifest.xml:27:13-69
52            android:exported="false"
52-->[androidx.lifecycle:lifecycle-process:2.2.0] AndroidManifest.xml:28:13-37
53            android:multiprocess="true" />
53-->[androidx.lifecycle:lifecycle-process:2.2.0] AndroidManifest.xml:29:13-40
54    </application>
55
56</manifest>